<?xml version="1.0" encoding="UTF-8"?>
<!-- Generated by org.testng.reporters.JUnitXMLReporter -->
<testsuite ignored="0" hostname="VE23082022-J38H" failures="0" tests="4" name="Default test" time="8.643" errors="0" timestamp="2024-12-19T16:48:28 IST">
  <testcase classname="api.TestCases.UserTest" name="testCreateUser" time="2.531"/>
  <testcase classname="api.TestCases.UserTest" name="testGetUserData" time="1.429"/>
  <testcase classname="api.TestCases.UserTest" name="testUpdateUser" time="2.788"/>
  <testcase classname="api.TestCases.UserTest" name="testDeleteUser" time="1.372"/>
</testsuite> <!-- Default test -->
