<?xml version="1.0" encoding="UTF-8"?>
<!-- Generated by org.testng.reporters.JUnitXMLReporter -->
<testsuite ignored="0" hostname="DESKTOP-PPODBDV" failures="0" tests="4" name="Default test" time="14.314" errors="0" timestamp="2024-12-23T09:12:45 IST">
  <testcase classname="api.TestCases.UserTest" name="testCreateUser" time="5.526"/>
  <testcase classname="api.TestCases.UserTest" name="testGetUserData" time="1.616"/>
  <testcase classname="api.TestCases.UserTest" name="testUpdateUser" time="3.192"/>
  <testcase classname="api.TestCases.UserTest" name="testDeleteUser" time="1.44"/>
</testsuite> <!-- Default test -->
