<?xml version="1.0" encoding="UTF-8"?>
<!-- Generated by org.testng.reporters.JUnitXMLReporter -->
<testsuite ignored="0" hostname="VE23082022-J38H" failures="0" tests="16" name="Test" time="21.956" errors="0" timestamp="2024-12-20T15:01:25 IST">
  <testcase classname="api.TestCases.UserTestDD" name="testCreateUser" time="2.443"/>
  <testcase classname="api.TestCases.UserTestDD" name="testCreateUser" time="1.142"/>
  <testcase classname="api.TestCases.UserTestDD" name="testCreateUser" time="1.143"/>
  <testcase classname="api.TestCases.UserTestDD" name="testCreateUser" time="1.143"/>
  <testcase classname="api.TestCases.UserTestDD" name="testGetUserData" time="1.172"/>
  <testcase classname="api.TestCases.UserTestDD" name="testGetUserData" time="1.117"/>
  <testcase classname="api.TestCases.UserTestDD" name="testGetUserData" time="1.129"/>
  <testcase classname="api.TestCases.UserTestDD" name="testGetUserData" time="1.143"/>
  <testcase classname="api.TestCases.UserTestDD" name="testDeleteUser" time="1.114"/>
  <testcase classname="api.TestCases.UserTestDD" name="testDeleteUser" time="1.131"/>
  <testcase classname="api.TestCases.UserTestDD" name="testDeleteUser" time="1.112"/>
  <testcase classname="api.TestCases.UserTestDD" name="testDeleteUser" time="1.125"/>
  <testcase classname="api.TestCases.UserTest" name="testCreateUser" time="1.158"/>
  <testcase classname="api.TestCases.UserTest" name="testGetUserData" time="1.142"/>
  <testcase classname="api.TestCases.UserTest" name="testUpdateUser" time="2.291"/>
  <testcase classname="api.TestCases.UserTest" name="testDeleteUser" time="1.136"/>
</testsuite> <!-- Test -->
