<?xml version="1.0" encoding="UTF-8"?>
<testng-results ignored="0" total="4" passed="4" failed="0" skipped="0">
  <reporter-output>
  </reporter-output>
  <suite started-at="2024-12-19T16:48:20 IST" name="Default suite" finished-at="2024-12-19T16:48:28 IST" duration-ms="8643">
    <groups>
    </groups>
    <test started-at="2024-12-19T16:48:20 IST" name="Default test" finished-at="2024-12-19T16:48:28 IST" duration-ms="8643">
      <class name="api.TestCases.UserTest">
        <test-method is-config="true" signature="generateTestData()[pri:0, instance:api.TestCases.UserTest@5bda8e08]" started-at="2024-12-19T16:48:20 IST" name="generateTestData" finished-at="2024-12-19T16:48:20 IST" duration-ms="494" status="PASS">
          <reporter-output>
          </reporter-output>
        </test-method> <!-- generateTestData -->
        <test-method signature="testCreateUser()[pri:1, instance:api.TestCases.UserTest@5bda8e08]" started-at="2024-12-19T16:48:20 IST" name="testCreateUser" finished-at="2024-12-19T16:48:23 IST" duration-ms="2531" status="PASS">
          <reporter-output>
          </reporter-output>
        </test-method> <!-- testCreateUser -->
        <test-method signature="testGetUserData()[pri:2, instance:api.TestCases.UserTest@5bda8e08]" started-at="2024-12-19T16:48:23 IST" name="testGetUserData" finished-at="2024-12-19T16:48:24 IST" duration-ms="1429" status="PASS">
          <reporter-output>
          </reporter-output>
        </test-method> <!-- testGetUserData -->
        <test-method signature="testUpdateUser()[pri:3, instance:api.TestCases.UserTest@5bda8e08]" started-at="2024-12-19T16:48:24 IST" name="testUpdateUser" finished-at="2024-12-19T16:48:27 IST" duration-ms="2788" status="PASS">
          <reporter-output>
          </reporter-output>
        </test-method> <!-- testUpdateUser -->
        <test-method signature="testDeleteUser()[pri:4, instance:api.TestCases.UserTest@5bda8e08]" started-at="2024-12-19T16:48:27 IST" name="testDeleteUser" finished-at="2024-12-19T16:48:28 IST" duration-ms="1372" status="PASS">
          <reporter-output>
          </reporter-output>
        </test-method> <!-- testDeleteUser -->
      </class> <!-- api.TestCases.UserTest -->
    </test> <!-- Default test -->
  </suite> <!-- Default suite -->
</testng-results>
