<?xml version="1.0" encoding="UTF-8"?>
<testng-results ignored="0" total="4" passed="4" failed="0" skipped="0">
  <reporter-output>
  </reporter-output>
  <suite started-at="2024-12-23T09:12:31 IST" name="Default suite" finished-at="2024-12-23T09:12:45 IST" duration-ms="14314">
    <groups>
    </groups>
    <test started-at="2024-12-23T09:12:31 IST" name="Default test" finished-at="2024-12-23T09:12:45 IST" duration-ms="14314">
      <class name="api.TestCases.UserTest">
        <test-method is-config="true" signature="generateTestData()[pri:0, instance:api.TestCases.UserTest@76b1e9b8]" started-at="2024-12-23T09:12:31 IST" name="generateTestData" finished-at="2024-12-23T09:12:34 IST" duration-ms="2477" status="PASS">
          <reporter-output>
          </reporter-output>
        </test-method> <!-- generateTestData -->
        <test-method signature="testCreateUser()[pri:1, instance:api.TestCases.UserTest@76b1e9b8]" started-at="2024-12-23T09:12:34 IST" name="testCreateUser" finished-at="2024-12-23T09:12:39 IST" duration-ms="5526" status="PASS">
          <reporter-output>
          </reporter-output>
        </test-method> <!-- testCreateUser -->
        <test-method signature="testGetUserData()[pri:2, instance:api.TestCases.UserTest@76b1e9b8]" started-at="2024-12-23T09:12:39 IST" name="testGetUserData" finished-at="2024-12-23T09:12:41 IST" duration-ms="1616" status="PASS">
          <reporter-output>
          </reporter-output>
        </test-method> <!-- testGetUserData -->
        <test-method signature="testUpdateUser()[pri:3, instance:api.TestCases.UserTest@76b1e9b8]" started-at="2024-12-23T09:12:41 IST" name="testUpdateUser" finished-at="2024-12-23T09:12:44 IST" duration-ms="3192" status="PASS">
          <reporter-output>
          </reporter-output>
        </test-method> <!-- testUpdateUser -->
        <test-method signature="testDeleteUser()[pri:4, instance:api.TestCases.UserTest@76b1e9b8]" started-at="2024-12-23T09:12:44 IST" name="testDeleteUser" finished-at="2024-12-23T09:12:45 IST" duration-ms="1440" status="PASS">
          <reporter-output>
          </reporter-output>
        </test-method> <!-- testDeleteUser -->
      </class> <!-- api.TestCases.UserTest -->
    </test> <!-- Default test -->
  </suite> <!-- Default suite -->
</testng-results>
